2026-02-12 21:54:47,168 | INFO | Placing order | Symbol: BTCUSDT, Side: BUY, Type: MARKET, Qty: 0.001, Price: None
2026-02-12 21:54:49,056 | INFO | Order response: {}
2026-02-12 22:33:28,990 | INFO | Placing order | Symbol: BTCUSDT, Side: BUY, Type: MARKET, Qty: 0.001, Price: None
2026-02-12 22:33:30,338 | INFO | Order response: {}
2026-02-12 22:35:22,375 | INFO | Placing order | Symbol: BTCUSDT, Side: BUY, Type: MARKET, Qty: 0.001, Price: None
2026-02-12 22:35:23,120 | ERROR | Error placing order: APIError(code=0): Invalid JSON error message from Binance: <html>
<head><title>403 Forbidden</title></head>
<body>
<center><h1>403 Forbidden</h1></center>
</body>
</html>
<!-- a padding to disable MSIE and Chrome friendly error page -->
<!-- a padding to disable MSIE and Chrome friendly error page -->
<!-- a padding to disable MSIE and Chrome friendly error page -->
<!-- a padding to disable MSIE and Chrome friendly error page -->
<!-- a padding to disable MSIE and Chrome friendly error page -->
<!-- a padding to disable MSIE and Chrome friendly error page -->

2026-02-12 22:39:44,744 | INFO | Placing order | Symbol: BTCUSDT, Side: BUY, Type: MARKET, Qty: 0.001, Price: None
2026-02-12 22:39:45,731 | ERROR | Error placing order: APIError(code=-4164): Order's notional must be no smaller than 100 (unless you choose reduce only).
2026-02-12 22:40:29,996 | INFO | Placing order | Symbol: BTCUSDT, Side: BUY, Type: MARKET, Qty: 0.002, Price: None
2026-02-12 22:40:30,987 | INFO | Order response: {'orderId': 12218814994, 'symbol': 'BTCUSDT', 'status': 'NEW', 'clientOrderId': 'x-Cb7ytekJ1b789390c3490e4c53ef8f', 'price': '0.00', 'avgPrice': '0.00', 'origQty': '0.002', 'executedQty': '0.000', 'cumQty': '0.000', 'cumQuote': '0.00000', 'timeInForce': 'GTC', 'type': 'MARKET', 'reduceOnly': False, 'closePosition': False, 'side': 'BUY', 'positionSide': 'BOTH', 'stopPrice': '0.00', 'workingType': 'CONTRACT_PRICE', 'priceProtect': False, 'origType': 'MARKET', 'priceMatch': 'NONE', 'selfTradePreventionMode': 'EXPIRE_MAKER', 'goodTillDate': 0, 'updateTime': 1770916234923}
2026-02-12 22:43:42,014 | INFO | Placing order | Symbol: BTCUSDT, Side: SELL, Type: LIMIT, Qty: 0.002, Price: 90000.0
2026-02-12 22:43:42,618 | INFO | Order response: {'orderId': 12218887768, 'symbol': 'BTCUSDT', 'status': 'NEW', 'clientOrderId': 'x-Cb7ytekJd3ae4becf0559685de811e', 'price': '90000.00', 'avgPrice': '0.00', 'origQty': '0.002', 'executedQty': '0.000', 'cumQty': '0.000', 'cumQuote': '0.00000', 'timeInForce': 'GTC', 'type': 'LIMIT', 'reduceOnly': False, 'closePosition': False, 'side': 'SELL', 'positionSide': 'BOTH', 'stopPrice': '0.00', 'workingType': 'CONTRACT_PRICE', 'priceProtect': False, 'origType': 'LIMIT', 'priceMatch': 'NONE', 'selfTradePreventionMode': 'EXPIRE_MAKER', 'goodTillDate': 0, 'updateTime': 1770916426603}
2026-02-12 23:30:10,224 | INFO | Placing order | Symbol: BTCUSDT, Side: SELL, Type: STOP_MARKET, Qty: 0.002, Price: 60000.0
2026-02-12 23:30:10,862 | INFO | Order response: {'algoId': 1000000013270520, 'clientAlgoId': 'x-Cb7ytekJ263c963a8395e04424a2e1', 'algoType': 'CONDITIONAL', 'orderType': 'STOP_MARKET', 'symbol': 'BTCUSDT', 'side': 'SELL', 'positionSide': 'BOTH', 'timeInForce': 'GTC', 'quantity': '0.002', 'algoStatus': 'NEW', 'triggerPrice': '60000.00', 'price': '0.00', 'icebergQuantity': None, 'selfTradePreventionMode': 'EXPIRE_MAKER', 'workingType': 'CONTRACT_PRICE', 'priceMatch': 'NONE', 'closePosition': False, 'priceProtect': False, 'reduceOnly': False, 'createTime': 1770919215000, 'updateTime': 1770919215001, 'triggerTime': 0, 'goodTillDate': 0}
2026-02-12 23:32:54,103 | INFO | Placing order | Symbol: BTCUSDT, Side: SELL, Type: STOP_MARKET, Qty: 0.002, Price: 60000.0
2026-02-12 23:32:54,695 | INFO | Order response: {'algoId': 1000000013271071, 'clientAlgoId': 'x-Cb7ytekJ99e869b4730acca4aea2fa', 'algoType': 'CONDITIONAL', 'orderType': 'STOP_MARKET', 'symbol': 'BTCUSDT', 'side': 'SELL', 'positionSide': 'BOTH', 'timeInForce': 'GTC', 'quantity': '0.002', 'algoStatus': 'NEW', 'triggerPrice': '60000.00', 'price': '0.00', 'icebergQuantity': None, 'selfTradePreventionMode': 'EXPIRE_MAKER', 'workingType': 'CONTRACT_PRICE', 'priceMatch': 'NONE', 'closePosition': False, 'priceProtect': False, 'reduceOnly': False, 'createTime': 1770919378840, 'updateTime': 1770919378840, 'triggerTime': 0, 'goodTillDate': 0}
2026-02-12 23:33:57,205 | INFO | Placing order | Symbol: BTCUSDT, Side: SELL, Type: STOP_MARKET, Qty: 0.002, Price: 60000.0
2026-02-12 23:33:57,905 | INFO | Order response: {'algoId': 1000000013271263, 'clientAlgoId': 'x-Cb7ytekJa9c17c6f7e43daa741cdcf', 'algoType': 'CONDITIONAL', 'orderType': 'STOP_MARKET', 'symbol': 'BTCUSDT', 'side': 'SELL', 'positionSide': 'BOTH', 'timeInForce': 'GTC', 'quantity': '0.002', 'algoStatus': 'NEW', 'triggerPrice': '60000.00', 'price': '0.00', 'icebergQuantity': None, 'selfTradePreventionMode': 'EXPIRE_MAKER', 'workingType': 'CONTRACT_PRICE', 'priceMatch': 'NONE', 'closePosition': False, 'priceProtect': False, 'reduceOnly': False, 'createTime': 1770919442036, 'updateTime': 1770919442049, 'triggerTime': 0, 'goodTillDate': 0}
2026-02-12 23:35:24,663 | INFO | Placing order | Symbol: BTCUSDT, Side: SELL, Type: STOP_MARKET, Qty: 0.002, Price: 70000.0
2026-02-12 23:35:25,262 | ERROR | Error placing order: APIError(code=-2021): Order would immediately trigger.
Traceback (most recent call last):
  File "C:\Users\akayu\OneDrive\Desktop\trading_bot\bot\client.py", line 65, in place_order
    response = self.client.futures_create_order(
               ^^^^^^^^^^^^^^^^^^^^^^^^^^^^^^^^^
  File "C:\Users\akayu\OneDrive\Desktop\trading_bot\venv\Lib\site-packages\binance\client.py", line 7862, in futures_create_order
    return self._request_futures_api("post", "algoOrder", True, data=params)
           ^^^^^^^^^^^^^^^^^^^^^^^^^^^^^^^^^^^^^^^^^^^^^^^^^^^^^^^^^^^^^^^^^
  File "C:\Users\akayu\OneDrive\Desktop\trading_bot\venv\Lib\site-packages\binance\client.py", line 143, in _request_futures_api
    return self._request(method, uri, signed, force_params, **kwargs)
           ^^^^^^^^^^^^^^^^^^^^^^^^^^^^^^^^^^^^^^^^^^^^^^^^^^^^^^^^^^
  File "C:\Users\akayu\OneDrive\Desktop\trading_bot\venv\Lib\site-packages\binance\client.py", line 106, in _request
    return self._handle_response(self.response)
           ^^^^^^^^^^^^^^^^^^^^^^^^^^^^^^^^^^^^
  File "C:\Users\akayu\OneDrive\Desktop\trading_bot\venv\Lib\site-packages\binance\client.py", line 115, in _handle_response
    raise BinanceAPIException(response, response.status_code, response.text)
binance.exceptions.BinanceAPIException: APIError(code=-2021): Order would immediately trigger.
